2025-10-17 11:32:16 | INFO | Ping Daemon started.
2025-10-17 11:32:33 | ERROR | https://tune-trainer-bot.onrender.com failed: HTTPSConnectionPool(host='tune-trainer-bot.onrender.com', port=443): Read timed out. (read timeout=15)
2025-10-17 11:32:37 | WARNING | https://scene-radar.onrender.com returned status 404
2025-10-17 11:32:56 | ERROR | https://updevted.onrender.com failed: HTTPSConnectionPool(host='updevted.onrender.com', port=443): Read timed out. (read timeout=15)
2025-10-17 11:32:59 | INFO | https://daily-scope-news.vercel.app is up (200)
2025-10-17 11:33:04 | INFO | https://algographbot.onrender.com is up (200)
2025-10-17 11:33:08 | INFO | https://gigarandobot.onrender.com is up (200)
2025-10-17 11:37:52 | INFO | Ping Daemon started.
2025-10-17 11:37:53 | INFO | https://tune-trainer-bot.onrender.com is up (200)
2025-10-17 11:37:56 | WARNING | https://scene-radar.onrender.com returned status 404
2025-10-17 11:37:59 | INFO | https://updevted.onrender.com is up (200)
2025-10-17 11:38:02 | INFO | https://daily-scope-news.vercel.app is up (200)
2025-10-17 11:38:05 | INFO | https://algographbot.onrender.com is up (200)
2025-10-17 11:38:08 | INFO | https://gigarandobot.onrender.com is up (200)
2025-10-17 11:38:11 | INFO | https://tune-trainer-bot.onrender.com is up (200)
2025-10-17 11:38:14 | WARNING | https://scene-radar.onrender.com returned status 404
2025-10-17 11:38:17 | INFO | https://updevted.onrender.com is up (200)
2025-10-17 11:38:19 | INFO | https://daily-scope-news.vercel.app is up (200)
2025-10-17 11:38:22 | INFO | https://algographbot.onrender.com is up (200)
2025-10-17 11:38:25 | INFO | https://gigarandobot.onrender.com is up (200)
2025-10-17 11:43:11 | INFO | https://tune-trainer-bot.onrender.com is up (200)
2025-10-17 11:43:14 | WARNING | https://scene-radar.onrender.com returned status 404
2025-10-17 11:43:17 | INFO | https://updevted.onrender.com is up (200)
2025-10-17 11:43:19 | INFO | https://daily-scope-news.vercel.app is up (200)
2025-10-17 11:43:22 | INFO | https://algographbot.onrender.com is up (200)
2025-10-17 11:43:25 | INFO | https://gigarandobot.onrender.com is up (200)
2025-10-17 11:43:27 | INFO | https://tune-trainer-bot.onrender.com is up (200)
2025-10-17 11:43:30 | WARNING | https://scene-radar.onrender.com returned status 404
2025-10-17 11:43:33 | INFO | https://updevted.onrender.com is up (200)
2025-10-17 11:43:36 | INFO | https://daily-scope-news.vercel.app is up (200)
2025-10-17 11:43:38 | INFO | https://algographbot.onrender.com is up (200)
2025-10-17 11:43:41 | INFO | https://gigarandobot.onrender.com is up (200)
2025-10-17 11:48:29 | INFO | https://tune-trainer-bot.onrender.com is up (200)
2025-10-17 11:48:32 | WARNING | https://scene-radar.onrender.com returned status 404
2025-10-17 11:48:35 | INFO | https://updevted.onrender.com is up (200)
2025-10-17 11:48:38 | INFO | https://daily-scope-news.vercel.app is up (200)
2025-10-17 11:48:41 | INFO | https://algographbot.onrender.com is up (200)
2025-10-17 11:48:44 | INFO | https://gigarandobot.onrender.com is up (200)
2025-10-17 11:52:03 | INFO | Ping Daemon started.
2025-10-17 11:52:04 | INFO | https://tune-trainer-bot.onrender.com is up (200)
2025-10-17 11:52:21 | ERROR | https://sceneradar.onrender.com failed: HTTPSConnectionPool(host='sceneradar.onrender.com', port=443): Read timed out. (read timeout=15)
2025-10-17 11:52:24 | INFO | https://updevted.onrender.com is up (200)
2025-10-17 11:52:27 | INFO | https://daily-scope-news.vercel.app is up (200)
2025-10-17 11:52:29 | INFO | https://algographbot.onrender.com is up (200)
2025-10-17 11:52:32 | INFO | https://gigarandobot.onrender.com is up (200)
2025-10-17 11:53:47 | INFO | https://tune-trainer-bot.onrender.com is up (200)
2025-10-17 11:53:50 | WARNING | https://scene-radar.onrender.com returned status 404
2025-10-17 11:53:53 | INFO | https://updevted.onrender.com is up (200)
2025-10-17 11:53:55 | INFO | https://daily-scope-news.vercel.app is up (200)
2025-10-17 11:53:58 | INFO | https://algographbot.onrender.com is up (200)
2025-10-17 11:54:01 | INFO | https://gigarandobot.onrender.com is up (200)
2025-10-17 11:55:29 | INFO | Ping Daemon stopped by user.
2025-10-17 11:55:51 | INFO | Ping Daemon started.
2025-10-17 11:55:52 | INFO | https://tune-trainer-bot.onrender.com is up (200)
2025-10-17 11:55:55 | INFO | https://sceneradar.onrender.com is up (200)
2025-10-17 11:55:58 | INFO | https://updevted.onrender.com is up (200)
2025-10-17 11:56:00 | INFO | https://daily-scope-news.vercel.app is up (200)
2025-10-17 11:56:03 | INFO | https://algographbot.onrender.com is up (200)
2025-10-17 11:56:06 | INFO | https://gigarandobot.onrender.com is up (200)
